#-----------------------------------------------------------
# Vivado v2017.2 (64-bit)
# SW Build 1909853 on Thu Jun 15 18:39:09 MDT 2017
# IP Build 1909766 on Thu Jun 15 19:58:00 MDT 2017
# Start of session at: Fri Nov 10 20:18:01 2017
# Process ID: 524
# Current directory: C:/Users/user/Desktop/COL215LAB/Project/Project_7u7d
# Command line: vivado.exe -gui_launcher_event rodinguilauncherevent13592 C:\Users\user\Desktop\COL215LAB\Project\Project_7u7d\Project_7u7d.xpr
# Log file: C:/Users/user/Desktop/COL215LAB/Project/Project_7u7d/vivado.log
# Journal file: C:/Users/user/Desktop/COL215LAB/Project/Project_7u7d\vivado.jou
#-----------------------------------------------------------
start_gui
open_project C:/Users/user/Desktop/COL215LAB/Project/Project_7u7d/Project_7u7d.xpr
Scanning sources...
Finished scanning sources
INFO: [IP_Flow 19-234] Refreshing IP repositories
INFO: [IP_Flow 19-1704] No user IP repositories specified
INFO: [IP_Flow 19-2313] Loaded Vivado IP repository 'C:/Xilinx/Vivado/2017.2/data/ip'.
update_compile_order -fileset sources_1
open_run impl_1
INFO: [Netlist 29-17] Analyzing 109 Unisim elements for replacement
INFO: [Netlist 29-28] Unisim Transformation completed in 0 CPU seconds
WARNING: [Netlist 29-101] Netlist 'Project_7u7d' is not ideal for floorplanning, since the cellview 'Control' contains a large number of primitives.  Please consider enabling hierarchy in synthesis if you want to do floorplanning.
INFO: [Project 1-479] Netlist was created with Vivado 2017.2
INFO: [Device 21-403] Loading part xc7a35tcpg236-1
INFO: [Project 1-570] Preparing netlist for logic optimization
Parsing XDC File [C:/Users/user/Desktop/COL215LAB/Project/Project_7u7d/.Xil/Vivado-524-DESKTOP-9UFTEMN/dcp1/Project_7u7d.xdc]
Finished Parsing XDC File [C:/Users/user/Desktop/COL215LAB/Project/Project_7u7d/.Xil/Vivado-524-DESKTOP-9UFTEMN/dcp1/Project_7u7d.xdc]
Reading XDEF placement.
Reading placer database...
Reading XDEF routing.
Read XDEF File: Time (s): cpu = 00:00:00 ; elapsed = 00:00:00.097 . Memory (MB): peak = 1202.066 ; gain = 0.000
Restored from archive | CPU: 0.000000 secs | Memory: 0.000000 MB |
Finished XDEF File Restore: Time (s): cpu = 00:00:00 ; elapsed = 00:00:00.098 . Memory (MB): peak = 1202.066 ; gain = 0.000
INFO: [Project 1-111] Unisim Transformation Summary:
No Unisim elements were transformed.

open_run: Time (s): cpu = 00:00:15 ; elapsed = 00:00:08 . Memory (MB): peak = 1389.016 ; gain = 378.508
close_design
open_run synth_1 -name synth_1
Design is defaulting to impl run constrset: constrs_1
Design is defaulting to synth run part: xc7a35tcpg236-1
INFO: [Netlist 29-17] Analyzing 109 Unisim elements for replacement
INFO: [Netlist 29-28] Unisim Transformation completed in 0 CPU seconds
WARNING: [Netlist 29-101] Netlist 'Project_7u7d' is not ideal for floorplanning, since the cellview 'Control' contains a large number of primitives.  Please consider enabling hierarchy in synthesis if you want to do floorplanning.
INFO: [Project 1-479] Netlist was created with Vivado 2017.2
INFO: [Project 1-570] Preparing netlist for logic optimization
Parsing XDC File [C:/Users/user/Desktop/COL215LAB/Project/Project_7u7d/Project_7u7d.xdc]
Finished Parsing XDC File [C:/Users/user/Desktop/COL215LAB/Project/Project_7u7d/Project_7u7d.xdc]
INFO: [Opt 31-138] Pushed 0 inverter(s) to 0 load pin(s).
INFO: [Project 1-111] Unisim Transformation Summary:
No Unisim elements were transformed.

create_bd_design "design_1"
Wrote  : <C:/Users/user/Desktop/COL215LAB/Project/Project_7u7d/Project_7u7d.srcs/sources_1/bd/design_1/design_1.bd> 
update_compile_order -fileset sources_1
open_run impl_1
INFO: [Netlist 29-17] Analyzing 109 Unisim elements for replacement
INFO: [Netlist 29-28] Unisim Transformation completed in 0 CPU seconds
WARNING: [Netlist 29-101] Netlist 'Project_7u7d' is not ideal for floorplanning, since the cellview 'Control' contains a large number of primitives.  Please consider enabling hierarchy in synthesis if you want to do floorplanning.
INFO: [Project 1-479] Netlist was created with Vivado 2017.2
INFO: [Project 1-570] Preparing netlist for logic optimization
Parsing XDC File [C:/Users/user/Desktop/COL215LAB/Project/Project_7u7d/.Xil/Vivado-524-DESKTOP-9UFTEMN/dcp5/Project_7u7d.xdc]
Finished Parsing XDC File [C:/Users/user/Desktop/COL215LAB/Project/Project_7u7d/.Xil/Vivado-524-DESKTOP-9UFTEMN/dcp5/Project_7u7d.xdc]
Reading XDEF placement.
Reading placer database...
Reading XDEF routing.
Read XDEF File: Time (s): cpu = 00:00:00 ; elapsed = 00:00:00.097 . Memory (MB): peak = 1856.500 ; gain = 0.000
Restored from archive | CPU: 0.000000 secs | Memory: 0.000000 MB |
Finished XDEF File Restore: Time (s): cpu = 00:00:00 ; elapsed = 00:00:00.097 . Memory (MB): peak = 1856.500 ; gain = 0.000
INFO: [Project 1-111] Unisim Transformation Summary:
No Unisim elements were transformed.

write_schematic -format pdf -orientation portrait C:/Users/user/Desktop/COL215LAB/Project/Project_7u7d/schematic.pdf
C:/Users/user/Desktop/COL215LAB/Project/Project_7u7d/schematic.pdf
report_ssn -name ssn_1
INFO: [Designutils 20-1021] SSN analysis is only relevant to output and bidirectional ports.  Input ports are not used in the analysis, and are not shown in the Noise report.
    1. bid1
    2. bid2
    3. clk
    4. init
    5. p1D
    6. p2D
    7. taxD

INFO: [Coretcl 2-1142] Start SSN Analysis...
report_operating_conditions -grade -return_string
report_methodology -name ultrafast_methodology_1 -checks {PDRC-204 PDRC-190 TIMING-39 TIMING-38 TIMING-37 TIMING-36 TIMING-35 TIMING-34 TIMING-33 TIMING-32 TIMING-31 TIMING-30 TIMING-29 TIMING-28 TIMING-27 TIMING-26 TIMING-25 TIMING-24 TIMING-23 TIMING-22 TIMING-21 TIMING-20 TIMING-19 TIMING-18 TIMING-17 TIMING-16 TIMING-15 TIMING-14 TIMING-13 TIMING-12 TIMING-11 TIMING-10 TIMING-9 TIMING-8 TIMING-7 TIMING-6 TIMING-5 TIMING-4 TIMING-3 TIMING-2 TIMING-1 XDCV-2 XDCV-1 XDCH-2 XDCH-1 XDCC-8 XDCC-7 XDCC-6 XDCC-5 XDCC-4 XDCC-3 XDCC-2 XDCC-1 XDCB-5 XDCB-4 XDCB-3 XDCB-2 XDCB-1 CLKC-53 CLKC-9 CLKC-5 CLKC-38 CLKC-37 CLKC-36 CLKC-35 CLKC-4 CLKC-18 CLKC-3 CLKC-2 CLKC-1 HPDR-1 CKLD-2 CKLD-1 CKBF-1 SYNTH-14 SYNTH-13 SYNTH-12 SYNTH-11 SYNTH-10 SYNTH-9 SYNTH-16 SYNTH-15 SYNTH-6 SYNTH-5 SYNTH-4}
Command: report_methodology -name ultrafast_methodology_1 -checks {PDRC-204 PDRC-190 TIMING-39 TIMING-38 TIMING-37 TIMING-36 TIMING-35 TIMING-34 TIMING-33 TIMING-32 TIMING-31 TIMING-30 TIMING-29 TIMING-28 TIMING-27 TIMING-26 TIMING-25 TIMING-24 TIMING-23 TIMING-22 TIMING-21 TIMING-20 TIMING-19 TIMING-18 TIMING-17 TIMING-16 TIMING-15 TIMING-14 TIMING-13 TIMING-12 TIMING-11 TIMING-10 TIMING-9 TIMING-8 TIMING-7 TIMING-6 TIMING-5 TIMING-4 TIMING-3 TIMING-2 TIMING-1 XDCV-2 XDCV-1 XDCH-2 XDCH-1 XDCC-8 XDCC-7 XDCC-6 XDCC-5 XDCC-4 XDCC-3 XDCC-2 XDCC-1 XDCB-5 XDCB-4 XDCB-3 XDCB-2 XDCB-1 CLKC-53 CLKC-9 CLKC-5 CLKC-38 CLKC-37 CLKC-36 CLKC-35 CLKC-4 CLKC-18 CLKC-3 CLKC-2 CLKC-1 HPDR-1 CKLD-2 CKLD-1 CKBF-1 SYNTH-14 SYNTH-13 SYNTH-12 SYNTH-11 SYNTH-10 SYNTH-9 SYNTH-16 SYNTH-15 SYNTH-6 SYNTH-5 SYNTH-4}
INFO: [Timing 38-35] Done setting XDC timing constraints.
INFO: [DRC 23-133] Running Methodology with 2 threads
report_methodology completed successfully
open_hw
connect_hw_server
INFO: [Labtools 27-2285] Connecting to hw_server url TCP:localhost:3121
INFO: [Labtools 27-2222] Launching hw_server...
INFO: [Labtools 27-2221] Launch Output:

****** Xilinx hw_server v2017.2
  **** Build date : Jun 15 2017-18:53:26
    ** Copyright 1986-2017 Xilinx, Inc. All Rights Reserved.


open_hw_target
INFO: [Labtoolstcl 44-466] Opening hw_target localhost:3121/xilinx_tcf/Digilent/210183A382A1A
set_property PROGRAM.FILE {C:/Users/user/Desktop/COL215LAB/Project/Project_7u7d/Project_7u7d.runs/impl_1/Project_7u7d.bit} [get_hw_devices xc7a35t_0]
current_hw_device [get_hw_devices xc7a35t_0]
refresh_hw_device -update_hw_probes false [lindex [get_hw_devices xc7a35t_0] 0]
INFO: [Labtools 27-1434] Device xc7a35t (JTAG device index = 0) is programmed with a design that has no supported debug core(s) in it.
WARNING: [Labtools 27-3361] The debug hub core was not detected.
Resolution: 
1. Make sure the clock connected to the debug hub (dbg_hub) core is a free running clock and is active.
2. Make sure the BSCAN_SWITCH_USER_MASK device property in Vivado Hardware Manager reflects the user scan chain setting in the design and refresh the device.  To determine the user scan chain setting in the design, open the implemented design and use 'get_property C_USER_SCAN_CHAIN [get_debug_cores dbg_hub]'.
For more details on setting the scan chain property, consult the Vivado Debug and Programming User Guide (UG908).
set_property PROBES.FILE {} [get_hw_devices xc7a35t_0]
set_property FULL_PROBES.FILE {} [get_hw_devices xc7a35t_0]
set_property PROGRAM.FILE {C:/Users/user/Desktop/COL215LAB/Project/Project_7u7d/Project_7u7d.runs/impl_1/Project_7u7d.bit} [get_hw_devices xc7a35t_0]
program_hw_devices [get_hw_devices xc7a35t_0]
INFO: [Labtools 27-3164] End of startup status: HIGH
refresh_hw_device [lindex [get_hw_devices xc7a35t_0] 0]
INFO: [Labtools 27-1434] Device xc7a35t (JTAG device index = 0) is programmed with a design that has no supported debug core(s) in it.
WARNING: [Labtools 27-3361] The debug hub core was not detected.
Resolution: 
1. Make sure the clock connected to the debug hub (dbg_hub) core is a free running clock and is active.
2. Make sure the BSCAN_SWITCH_USER_MASK device property in Vivado Hardware Manager reflects the user scan chain setting in the design and refresh the device.  To determine the user scan chain setting in the design, open the implemented design and use 'get_property C_USER_SCAN_CHAIN [get_debug_cores dbg_hub]'.
For more details on setting the scan chain property, consult the Vivado Debug and Programming User Guide (UG908).
reset_run synth_1
launch_runs impl_1 -to_step write_bitstream -jobs 8
WARNING: [Project 1-478] Design 'synth_1' is stale and will not be used when launching 'impl_1'
[Fri Nov 10 20:56:26 2017] Launched synth_1...
Run output will be captured here: C:/Users/user/Desktop/COL215LAB/Project/Project_7u7d/Project_7u7d.runs/synth_1/runme.log
[Fri Nov 10 20:56:26 2017] Launched impl_1...
Run output will be captured here: C:/Users/user/Desktop/COL215LAB/Project/Project_7u7d/Project_7u7d.runs/impl_1/runme.log
set_property PROBES.FILE {} [get_hw_devices xc7a35t_0]
set_property FULL_PROBES.FILE {} [get_hw_devices xc7a35t_0]
set_property PROGRAM.FILE {C:/Users/user/Desktop/COL215LAB/Project/Project_7u7d/Project_7u7d.runs/impl_1/Project_7u7d.bit} [get_hw_devices xc7a35t_0]
program_hw_devices [get_hw_devices xc7a35t_0]
INFO: [Labtools 27-3164] End of startup status: HIGH
refresh_hw_device [lindex [get_hw_devices xc7a35t_0] 0]
INFO: [Labtools 27-1434] Device xc7a35t (JTAG device index = 0) is programmed with a design that has no supported debug core(s) in it.
WARNING: [Labtools 27-3361] The debug hub core was not detected.
Resolution: 
1. Make sure the clock connected to the debug hub (dbg_hub) core is a free running clock and is active.
2. Make sure the BSCAN_SWITCH_USER_MASK device property in Vivado Hardware Manager reflects the user scan chain setting in the design and refresh the device.  To determine the user scan chain setting in the design, open the implemented design and use 'get_property C_USER_SCAN_CHAIN [get_debug_cores dbg_hub]'.
For more details on setting the scan chain property, consult the Vivado Debug and Programming User Guide (UG908).
ERROR: [Labtoolstcl 44-513] HW Target shutdown. Closing target: localhost:3121/xilinx_tcf/Digilent/210183A382A1A
disconnect_hw_server localhost:3121
connect_hw_server
INFO: [Labtools 27-2285] Connecting to hw_server url TCP:localhost:3121
ERROR: [Labtoolstcl 44-494] There is no active target available for server at localhost.
 Targets(s) ", jsn-Basys3-210183A382A1A" may be locked by another hw_server.
disconnect_hw_server localhost:3121
connect_hw_server
INFO: [Labtools 27-2285] Connecting to hw_server url TCP:localhost:3121
ERROR: [Labtoolstcl 44-494] There is no active target available for server at localhost.
 Targets(s) ", jsn-Basys3-210183A382A1A" may be locked by another hw_server.
disconnect_hw_server localhost:3121
connect_hw_server
INFO: [Labtools 27-2285] Connecting to hw_server url TCP:localhost:3121
open_hw_target
INFO: [Labtoolstcl 44-466] Opening hw_target localhost:3121/xilinx_tcf/Digilent/210183A382A1A
set_property PROGRAM.FILE {C:/Users/user/Desktop/COL215LAB/Project/Project_7u7d/Project_7u7d.runs/impl_1/Project_7u7d.bit} [get_hw_devices xc7a35t_0]
current_hw_device [get_hw_devices xc7a35t_0]
refresh_hw_device -update_hw_probes false [lindex [get_hw_devices xc7a35t_0] 0]
INFO: [Labtools 27-1434] Device xc7a35t (JTAG device index = 0) is programmed with a design that has no supported debug core(s) in it.
WARNING: [Labtools 27-3361] The debug hub core was not detected.
Resolution: 
1. Make sure the clock connected to the debug hub (dbg_hub) core is a free running clock and is active.
2. Make sure the BSCAN_SWITCH_USER_MASK device property in Vivado Hardware Manager reflects the user scan chain setting in the design and refresh the device.  To determine the user scan chain setting in the design, open the implemented design and use 'get_property C_USER_SCAN_CHAIN [get_debug_cores dbg_hub]'.
For more details on setting the scan chain property, consult the Vivado Debug and Programming User Guide (UG908).
set_property PROBES.FILE {} [get_hw_devices xc7a35t_0]
set_property FULL_PROBES.FILE {} [get_hw_devices xc7a35t_0]
set_property PROGRAM.FILE {C:/Users/user/Desktop/COL215LAB/Project/Project_7u7d/Project_7u7d.runs/impl_1/Project_7u7d.bit} [get_hw_devices xc7a35t_0]
program_hw_devices [get_hw_devices xc7a35t_0]
INFO: [Labtools 27-3164] End of startup status: HIGH
refresh_hw_device [lindex [get_hw_devices xc7a35t_0] 0]
INFO: [Labtools 27-1434] Device xc7a35t (JTAG device index = 0) is programmed with a design that has no supported debug core(s) in it.
WARNING: [Labtools 27-3361] The debug hub core was not detected.
Resolution: 
1. Make sure the clock connected to the debug hub (dbg_hub) core is a free running clock and is active.
2. Make sure the BSCAN_SWITCH_USER_MASK device property in Vivado Hardware Manager reflects the user scan chain setting in the design and refresh the device.  To determine the user scan chain setting in the design, open the implemented design and use 'get_property C_USER_SCAN_CHAIN [get_debug_cores dbg_hub]'.
For more details on setting the scan chain property, consult the Vivado Debug and Programming User Guide (UG908).
exit
INFO: [Common 17-206] Exiting Vivado at Fri Nov 10 21:54:29 2017...
